<?xml version="1.0" encoding="UTF-8"?>
<!-- Generated by org.testng.reporters.JUnitReportReporter -->
<testsuite skipped="0" hostname="LAPTOP-BIJL3HUR" name="test.Colour_Background" tests="1" failures="0" timestamp="2022-07-11T10:03:37 CDT" time="6.495" errors="0">
  <testcase name="backgroundColor" time="6.495" classname="test.Colour_Background"/>
  <system-out/>
</testsuite> <!-- test.Colour_Background -->
